<?xml version="1.0" encoding="UTF-8"?>
<testsuite xmlns:xsi="http://www.w3.org/2001/XMLSchema-instance" xsi:noNamespaceSchemaLocation="https://maven.apache.org/surefire/maven-surefire-plugin/xsd/surefire-test-report.xsd" name="com.controller.TripControllerTest" time="0.203" tests="4" errors="0" skipped="0" failures="0">
  <properties>
[...]
</properties>
  <testcase name="testGetTrip" classname="com.controller.TripControllerTest" time="0.129"/>
  <testcase name="testFindTrip" classname="com.controller.TripControllerTest" time="0.064"/>
  <testcase name="testMakeTrip" classname="com.controller.TripControllerTest" time="0.004"/>
  <testcase name="testDelTrip" classname="com.controller.TripControllerTest" time="0.003"/>
</testsuite>