<?xml version="1.0" encoding="UTF-8"?>
<testsuite xmlns:xsi="http://www.w3.org/2001/XMLSchema-instance" xsi:noNamespaceSchemaLocation="https://maven.apache.org/surefire/maven-surefire-plugin/xsd/surefire-test-report.xsd" name="com.controller.UserControllerTest" time="0.099" tests="2" errors="1" skipped="0" failures="1">
  <properties>
[...]
</properties>
  <testcase name="testSetUp" classname="com.controller.UserControllerTest" time="0.001">
    <error message="Cannot invoke &quot;com.model.UserInt.add(String, char, String, String)&quot; because &quot;this.user&quot; is null" type="java.lang.NullPointerException">java.lang.NullPointerException: Cannot invoke "com.model.UserInt.add(String, char, String, String)" because "this.user" is null
	at com.controller.UserControllerTest.testSetUp(UserControllerTest.java:14)
</error>
  </testcase>
  <testcase name="testDelUser" classname="com.controller.UserControllerTest" time="0.062">
    <failure message="&#10;Wanted but not invoked:&#10;userInt.delUser();&#10;-&gt; at com.controller.UserControllerTest.testDelUser(UserControllerTest.java:22)&#10;Actually, there were zero interactions with this mock.&#10;" type="org.mockito.exceptions.verification.WantedButNotInvoked">org.mockito.exceptions.verification.WantedButNotInvoked: 

Wanted but not invoked:
userInt.delUser();
-> at com.controller.UserControllerTest.testDelUser(UserControllerTest.java:22)
Actually, there were zero interactions with this mock.

	at com.controller.UserControllerTest.testDelUser(UserControllerTest.java:22)
</failure>
  </testcase>
</testsuite>